<?xml version="1.0" encoding="UTF-8"?>
<!-- Generated by org.testng.reporters.JUnitReportReporter -->
<testsuite hostname="george-Satellite-S55-B" failures="0" tests="1" name="com.brein.testng.LoginTest" time="9.092" errors="0" timestamp="2021-05-17T16:57:29 PET" skipped="0">
  <testcase classname="com.brein.testng.LoginTest" name="test" time="9.092"/>
  <system-out/>
</testsuite> <!-- com.brein.testng.LoginTest -->
