<?xml version="1.0" encoding="UTF-8"?>
<!-- Generated by org.testng.reporters.JUnitReportReporter -->
<testsuite hostname="LAPTOP-T56K93J2" failures="0" tests="1" name="com.brein.testng.LoginTest" time="8.412" errors="0" timestamp="2021-05-20T12:14:52 PET" skipped="0">
  <testcase classname="com.brein.testng.LoginTest" name="test" time="8.412"/>
  <system-out/>
</testsuite> <!-- com.brein.testng.LoginTest -->
